<?xml version="1.0" encoding="UTF-8"?>
<!-- Generated by org.testng.reporters.JUnitReportReporter -->
<testsuite hostname="LAPTOP-T48JISF1" failures="0" tests="1" name="Test.PinPageTest" time="9.439" errors="0" timestamp="2022-06-13T16:31:44 IST" skipped="0">
  <testcase classname="Test.PinPageTest" name="LogintoZerodhaWithPinTest" time="9.439"/>
  <system-out/>
</testsuite> <!-- Test.PinPageTest -->
