<?xml version="1.0" encoding="UTF-8"?>
<!-- Generated by org.testng.reporters.JUnitReportReporter -->
<testsuite hostname="LAPTOP-T48JISF1" failures="0" tests="4" name="Test.ZerodhaloginTest" time="0.012" errors="0" timestamp="2022-06-10T19:13:27 IST" skipped="0">
  <testcase classname="Test.ZerodhaloginTest" name="test2" time="0.003"/>
  <system-out/>
  <testcase classname="Test.ZerodhaloginTest" name="test3" time="0.002"/>
  <system-out/>
  <testcase classname="Test.ZerodhaloginTest" name="test4" time="0.001"/>
  <system-out/>
  <testcase classname="Test.ZerodhaloginTest" name="test1" time="0.006"/>
  <system-out/>
</testsuite> <!-- Test.ZerodhaloginTest -->
