<?xml version="1.0" encoding="UTF-8"?>
<!-- Generated by org.testng.reporters.JUnitReportReporter -->
<testsuite hostname="LAPTOP-T48JISF1" failures="0" tests="3" name="Test.LoginPageTest" time="8.471" errors="0" timestamp="2022-06-10T16:56:48 IST" skipped="0">
  <testcase classname="Test.LoginPageTest" name="SignUpLinkTest" time="2.012"/>
  <system-out/>
  <testcase classname="Test.LoginPageTest" name="LoginWithCredentialTest" time="4.155"/>
  <system-out/>
  <testcase classname="Test.LoginPageTest" name="ForgotPasswordLinkTest" time="2.304"/>
  <system-out/>
</testsuite> <!-- Test.LoginPageTest -->
